2021-08-31 23:56:37,714 WARNING [default] Unable to locate file for BloonsMap (C:\Users\Julian Codespoti\Desktop\Uni Sem2\OOP\BloonsProject\bin\Debug\netcoreapp3.1\images\C:\Users\Julian Codespoti\Desktop\Uni Sem2\OOP\BloonsProject\BloonsTrack.png)
2021-08-31 23:56:37,717 WARNING [default] Unable to locate file for BloonsMap (C:\Users\Julian Codespoti\Desktop\Uni Sem2\OOP\BloonsProject\bin\Debug\netcoreapp3.1\images\C:\Users\Julian Codespoti\Desktop\Uni Sem2\OOP\BloonsProject\Gui Pictures\BloonsGUI.png)
2021-08-31 23:56:52,279 WARNING [default] Unable to locate file for BloonsMap (C:\Users\Julian Codespoti\Desktop\Uni Sem2\OOP\BloonsProject\bin\Debug\netcoreapp3.1\images\C:\Users\Julian Codespoti\Desktop\Uni Sem2\OOP\BloonsProject\BloonsTrack.png)
2021-08-31 23:56:52,281 WARNING [default] Unable to locate file for BloonsMap (C:\Users\Julian Codespoti\Desktop\Uni Sem2\OOP\BloonsProject\bin\Debug\netcoreapp3.1\images\C:\Users\Julian Codespoti\Desktop\Uni Sem2\OOP\BloonsProject\Pictures\BloonsGUI.png)
2021-08-31 23:57:02,043 WARNING [default] Unable to locate file for BloonsMap (C:\Users\Julian Codespoti\Desktop\Uni Sem2\OOP\BloonsProject\bin\Debug\netcoreapp3.1\images\C:\Users\Julian Codespoti\Desktop\Uni Sem2\OOP\BloonsProject\BloonsTrack.png)
2021-09-07 21:29:10,602 WARNING [default] Unable to locate file for BloonsMap (G:\Other computers\My Computer\Uni Sem2\OOP\BloonsProject\bin\Debug\netcoreapp3.1\images\C:\Users\Julian Codespoti\Desktop\Uni Sem2\OOP\BloonsProject\Images\BloonsTrack.png)
2021-09-07 21:29:11,511 WARNING [default] Unable to locate file for BloonsGui (G:\Other computers\My Computer\Uni Sem2\OOP\BloonsProject\bin\Debug\netcoreapp3.1\images\C:\Users\Julian Codespoti\Desktop\Uni Sem2\OOP\BloonsProject\Images\BloonsGUI.png)
2021-09-07 21:31:20,187 WARNING [default] Unable to locate file for BloonsMap (G:\Other computers\My Computer\Uni Sem2\OOP\BloonsProject\bin\Debug\netcoreapp3.1\images\\Images\BloonsTrack.png)
2021-09-07 21:31:20,203 WARNING [default] Unable to locate file for BloonsGui (G:\Other computers\My Computer\Uni Sem2\OOP\BloonsProject\bin\Debug\netcoreapp3.1\images\\Images\BloonsGUI.png)
2021-10-02 19:59:06,101 WARNING [default] Unable to locate file for Sell (C:\Users\julia\OneDrive\Desktop\Coding\BloonsGame\WpfApp1\bin\Debug\net5.0-windows\images\./Images/sell tower.png)
2021-10-02 19:59:06,103 WARNING [default] Unable to locate file for Firerrate (C:\Users\julia\OneDrive\Desktop\Coding\BloonsGame\WpfApp1\bin\Debug\net5.0-windows\images\./Images/firerate upgrade.png)
2021-10-02 19:59:06,103 WARNING [default] Unable to locate file for Range (C:\Users\julia\OneDrive\Desktop\Coding\BloonsGame\WpfApp1\bin\Debug\net5.0-windows\images\./Images/range upgrade.png)
2021-10-02 19:59:06,104 WARNING [default] Unable to locate file for MediumMap (C:\Users\julia\OneDrive\Desktop\Coding\BloonsGame\WpfApp1\bin\Debug\net5.0-windows\images\./Images/BloonsMap2.png)
2021-10-02 21:01:35,173 WARNING [default] Unable to locate file for Sell (C:\Users\julia\OneDrive\Desktop\Coding\BloonsGame\WpfApp1\bin\Debug\net5.0-windows\images\./Images/sell tower.png)
2021-10-02 21:01:35,175 WARNING [default] Unable to locate file for Firerrate (C:\Users\julia\OneDrive\Desktop\Coding\BloonsGame\WpfApp1\bin\Debug\net5.0-windows\images\./Images/firerate upgrade.png)
2021-10-02 21:01:35,175 WARNING [default] Unable to locate file for Range (C:\Users\julia\OneDrive\Desktop\Coding\BloonsGame\WpfApp1\bin\Debug\net5.0-windows\images\./Images/range upgrade.png)
2021-10-02 21:01:35,176 WARNING [default] Unable to locate file for MediumMap (C:\Users\julia\OneDrive\Desktop\Coding\BloonsGame\WpfApp1\bin\Debug\net5.0-windows\images\./Images/BloonsMap2.png)
2021-10-03 00:10:57,246 WARNING [default] Unable to locate file for Sell (C:\Users\julia\OneDrive\Desktop\Coding\BloonsGame\WpfApp1\bin\Debug\net5.0-windows\images\./Images/sell tower.png)
2021-10-03 00:10:57,248 WARNING [default] Unable to locate file for Firerrate (C:\Users\julia\OneDrive\Desktop\Coding\BloonsGame\WpfApp1\bin\Debug\net5.0-windows\images\./Images/firerate upgrade.png)
2021-10-03 00:10:57,248 WARNING [default] Unable to locate file for Range (C:\Users\julia\OneDrive\Desktop\Coding\BloonsGame\WpfApp1\bin\Debug\net5.0-windows\images\./Images/range upgrade.png)
2021-10-03 00:10:57,249 WARNING [default] Unable to locate file for MediumMap (C:\Users\julia\OneDrive\Desktop\Coding\BloonsGame\WpfApp1\bin\Debug\net5.0-windows\images\./Images/BloonsMap2.png)
2021-10-03 00:11:29,623 WARNING [default] Unable to locate file for Sell (C:\Users\julia\OneDrive\Desktop\Coding\BloonsGame\WpfApp1\bin\Debug\net5.0-windows\images\./Images/sell tower.png)
2021-10-03 00:11:29,624 WARNING [default] Unable to locate file for Firerrate (C:\Users\julia\OneDrive\Desktop\Coding\BloonsGame\WpfApp1\bin\Debug\net5.0-windows\images\./Images/firerate upgrade.png)
2021-10-03 00:11:29,625 WARNING [default] Unable to locate file for Range (C:\Users\julia\OneDrive\Desktop\Coding\BloonsGame\WpfApp1\bin\Debug\net5.0-windows\images\./Images/range upgrade.png)
2021-10-03 00:11:29,625 WARNING [default] Unable to locate file for MediumMap (C:\Users\julia\OneDrive\Desktop\Coding\BloonsGame\WpfApp1\bin\Debug\net5.0-windows\images\./Images/BloonsMap2.png)
2021-10-03 00:12:30,495 WARNING [default] Unable to locate file for Sell (C:\Users\julia\OneDrive\Desktop\Coding\BloonsGame\WpfApp1\bin\Debug\net5.0-windows\images\./Images/sell tower.png)
2021-10-03 00:12:30,496 WARNING [default] Unable to locate file for Firerrate (C:\Users\julia\OneDrive\Desktop\Coding\BloonsGame\WpfApp1\bin\Debug\net5.0-windows\images\./Images/firerate upgrade.png)
2021-10-03 00:12:30,496 WARNING [default] Unable to locate file for Range (C:\Users\julia\OneDrive\Desktop\Coding\BloonsGame\WpfApp1\bin\Debug\net5.0-windows\images\./Images/range upgrade.png)
2021-10-03 00:12:30,497 WARNING [default] Unable to locate file for MediumMap (C:\Users\julia\OneDrive\Desktop\Coding\BloonsGame\WpfApp1\bin\Debug\net5.0-windows\images\./Images/BloonsMap2.png)
2021-10-03 00:13:01,182 WARNING [default] Unable to locate file for Sell (C:\Users\julia\OneDrive\Desktop\Coding\BloonsGame\WpfApp1\bin\Debug\net5.0-windows\images\./Images/sell tower.png)
2021-10-03 00:13:01,183 WARNING [default] Unable to locate file for Firerrate (C:\Users\julia\OneDrive\Desktop\Coding\BloonsGame\WpfApp1\bin\Debug\net5.0-windows\images\./Images/firerate upgrade.png)
2021-10-03 00:13:01,183 WARNING [default] Unable to locate file for Range (C:\Users\julia\OneDrive\Desktop\Coding\BloonsGame\WpfApp1\bin\Debug\net5.0-windows\images\./Images/range upgrade.png)
2021-10-03 00:13:01,184 WARNING [default] Unable to locate file for MediumMap (C:\Users\julia\OneDrive\Desktop\Coding\BloonsGame\WpfApp1\bin\Debug\net5.0-windows\images\./Images/BloonsMap2.png)
2021-10-03 00:13:20,134 WARNING [default] Unable to locate file for Sell (C:\Users\julia\OneDrive\Desktop\Coding\BloonsGame\WpfApp1\bin\Debug\net5.0-windows\images\./Images/sell tower.png)
2021-10-03 00:13:20,135 WARNING [default] Unable to locate file for Firerrate (C:\Users\julia\OneDrive\Desktop\Coding\BloonsGame\WpfApp1\bin\Debug\net5.0-windows\images\./Images/firerate upgrade.png)
2021-10-03 00:13:20,135 WARNING [default] Unable to locate file for Range (C:\Users\julia\OneDrive\Desktop\Coding\BloonsGame\WpfApp1\bin\Debug\net5.0-windows\images\./Images/range upgrade.png)
2021-10-03 00:13:20,136 WARNING [default] Unable to locate file for MediumMap (C:\Users\julia\OneDrive\Desktop\Coding\BloonsGame\WpfApp1\bin\Debug\net5.0-windows\images\./Images/BloonsMap2.png)
2021-10-03 00:14:40,083 WARNING [default] Unable to locate file for Sell (C:\Users\julia\OneDrive\Desktop\Coding\BloonsGame\WpfApp1\bin\Debug\net5.0-windows\images\./Images/sell tower.png)
2021-10-03 00:14:40,084 WARNING [default] Unable to locate file for Firerrate (C:\Users\julia\OneDrive\Desktop\Coding\BloonsGame\WpfApp1\bin\Debug\net5.0-windows\images\./Images/firerate upgrade.png)
2021-10-03 00:14:40,084 WARNING [default] Unable to locate file for Range (C:\Users\julia\OneDrive\Desktop\Coding\BloonsGame\WpfApp1\bin\Debug\net5.0-windows\images\./Images/range upgrade.png)
2021-10-03 00:14:40,085 WARNING [default] Unable to locate file for MediumMap (C:\Users\julia\OneDrive\Desktop\Coding\BloonsGame\WpfApp1\bin\Debug\net5.0-windows\images\./Images/BloonsMap2.png)
2021-10-03 00:15:34,354 WARNING [default] Unable to locate file for Sell (C:\Users\julia\OneDrive\Desktop\Coding\BloonsGame\WpfApp1\bin\Debug\net5.0-windows\images\./Images/sell tower.png)
2021-10-03 00:15:34,356 WARNING [default] Unable to locate file for Firerrate (C:\Users\julia\OneDrive\Desktop\Coding\BloonsGame\WpfApp1\bin\Debug\net5.0-windows\images\./Images/firerate upgrade.png)
2021-10-03 00:15:34,356 WARNING [default] Unable to locate file for Range (C:\Users\julia\OneDrive\Desktop\Coding\BloonsGame\WpfApp1\bin\Debug\net5.0-windows\images\./Images/range upgrade.png)
2021-10-03 00:15:34,357 WARNING [default] Unable to locate file for MediumMap (C:\Users\julia\OneDrive\Desktop\Coding\BloonsGame\WpfApp1\bin\Debug\net5.0-windows\images\./Images/BloonsMap2.png)
2021-10-03 00:15:54,395 WARNING [default] Unable to locate file for Sell (C:\Users\julia\OneDrive\Desktop\Coding\BloonsGame\WpfApp1\bin\Debug\net5.0-windows\images\./Images/sell tower.png)
2021-10-03 00:15:54,396 WARNING [default] Unable to locate file for Firerrate (C:\Users\julia\OneDrive\Desktop\Coding\BloonsGame\WpfApp1\bin\Debug\net5.0-windows\images\./Images/firerate upgrade.png)
2021-10-03 00:15:54,396 WARNING [default] Unable to locate file for Range (C:\Users\julia\OneDrive\Desktop\Coding\BloonsGame\WpfApp1\bin\Debug\net5.0-windows\images\./Images/range upgrade.png)
2021-10-03 00:15:54,397 WARNING [default] Unable to locate file for MediumMap (C:\Users\julia\OneDrive\Desktop\Coding\BloonsGame\WpfApp1\bin\Debug\net5.0-windows\images\./Images/BloonsMap2.png)
2021-10-03 00:16:55,909 WARNING [default] Unable to locate file for Sell (C:\Users\julia\OneDrive\Desktop\Coding\BloonsGame\WpfApp1\bin\Debug\net5.0-windows\images\./Images/sell tower.png)
2021-10-03 00:16:55,910 WARNING [default] Unable to locate file for Firerrate (C:\Users\julia\OneDrive\Desktop\Coding\BloonsGame\WpfApp1\bin\Debug\net5.0-windows\images\./Images/firerate upgrade.png)
2021-10-03 00:16:55,910 WARNING [default] Unable to locate file for Range (C:\Users\julia\OneDrive\Desktop\Coding\BloonsGame\WpfApp1\bin\Debug\net5.0-windows\images\./Images/range upgrade.png)
2021-10-03 00:16:55,911 WARNING [default] Unable to locate file for MediumMap (C:\Users\julia\OneDrive\Desktop\Coding\BloonsGame\WpfApp1\bin\Debug\net5.0-windows\images\./Images/BloonsMap2.png)
2021-10-03 00:19:26,571 WARNING [default] Unable to locate file for Sell (C:\Users\julia\OneDrive\Desktop\Coding\BloonsGame\WpfApp1\bin\Debug\net5.0-windows\images\./Images/sell tower.png)
2021-10-03 00:19:26,572 WARNING [default] Unable to locate file for Firerrate (C:\Users\julia\OneDrive\Desktop\Coding\BloonsGame\WpfApp1\bin\Debug\net5.0-windows\images\./Images/firerate upgrade.png)
2021-10-03 00:19:26,573 WARNING [default] Unable to locate file for Range (C:\Users\julia\OneDrive\Desktop\Coding\BloonsGame\WpfApp1\bin\Debug\net5.0-windows\images\./Images/range upgrade.png)
2021-10-03 00:19:26,573 WARNING [default] Unable to locate file for MediumMap (C:\Users\julia\OneDrive\Desktop\Coding\BloonsGame\WpfApp1\bin\Debug\net5.0-windows\images\./Images/BloonsMap2.png)
2021-10-03 00:20:33,350 WARNING [default] Unable to locate file for EasyMap (C:\Users\julia\OneDrive\Desktop\Coding\BloonsGame\WpfApp1\bin\Debug\net5.0-windows\images\./Images/BloonsMap.png)
2021-10-03 00:20:48,477 WARNING [default] Unable to locate file for EasyMap (C:\Users\julia\OneDrive\Desktop\Coding\BloonsGame\WpfApp1\bin\Debug\net5.0-windows\images\./Images/BloonsMap.png)
2021-10-03 00:20:49,131 WARNING [default] Unable to locate file for EasyMap (C:\Users\julia\OneDrive\Desktop\Coding\BloonsGame\WpfApp1\bin\Debug\net5.0-windows\images\./Images/BloonsMap.png)
2021-10-03 00:27:29,823 WARNING [default] Unable to locate file for EasyMap (C:\Users\julia\OneDrive\Desktop\Coding\BloonsGame\WpfApp1\bin\Debug\net5.0-windows\images\./Images/BloonsMap.png)
2021-10-03 00:27:29,825 WARNING [default] Unable to locate file for MediumMap (C:\Users\julia\OneDrive\Desktop\Coding\BloonsGame\WpfApp1\bin\Debug\net5.0-windows\images\./Images/BloonsMap2.png)
2021-10-03 00:27:36,856 WARNING [default] Unable to locate file for Sell (C:\Users\julia\OneDrive\Desktop\Coding\BloonsGame\WpfApp1\bin\Debug\net5.0-windows\images\./Images/sell tower.png)
2021-10-03 00:27:36,857 WARNING [default] Unable to locate file for Firerrate (C:\Users\julia\OneDrive\Desktop\Coding\BloonsGame\WpfApp1\bin\Debug\net5.0-windows\images\./Images/firerate upgrade.png)
2021-10-03 00:27:36,857 WARNING [default] Unable to locate file for Range (C:\Users\julia\OneDrive\Desktop\Coding\BloonsGame\WpfApp1\bin\Debug\net5.0-windows\images\./Images/range upgrade.png)
2021-10-03 00:29:30,814 WARNING [default] Unable to locate file for EasyMap (C:\Users\julia\OneDrive\Desktop\Coding\BloonsGame\WpfApp1\bin\Debug\net5.0-windows\images\./Images/BloonsMap.png)
2021-10-03 00:29:30,816 WARNING [default] Unable to locate file for MediumMap (C:\Users\julia\OneDrive\Desktop\Coding\BloonsGame\WpfApp1\bin\Debug\net5.0-windows\images\./Images/BloonsMap2.png)
2021-10-03 00:30:28,368 WARNING [default] Unable to locate file for EasyMap (C:\Users\julia\OneDrive\Desktop\Coding\BloonsGame\WpfApp1\bin\Debug\net5.0-windows\images\./Images/BloonsMap.png)
2021-10-03 00:30:28,370 WARNING [default] Unable to locate file for MediumMap (C:\Users\julia\OneDrive\Desktop\Coding\BloonsGame\WpfApp1\bin\Debug\net5.0-windows\images\./Images/BloonsMap2.png)
2021-10-03 00:32:38,246 WARNING [default] Unable to locate file for EasyMap (C:\Users\julia\OneDrive\Desktop\Coding\BloonsGame\WpfApp1\bin\Debug\net5.0-windows\images\./Images/BloonsMap.png)
2021-10-03 00:32:38,248 WARNING [default] Unable to locate file for MediumMap (C:\Users\julia\OneDrive\Desktop\Coding\BloonsGame\WpfApp1\bin\Debug\net5.0-windows\images\./Images/BloonsMap2.png)
